   Compiling hdf5-src v0.8.1
warning: unused import: `abi_stable::sabi_types::StaticRef`
 --> /mnt/harddrive/roman/disk_storage/projects/padamo-rs-iced/padamo-api/src/calculation_nodes/node.rs:1:5
  |
1 | use abi_stable::sabi_types::StaticRef;
  |     ^^^^^^^^^^^^^^^^^^^^^^^^^^^^^^^^^
  |
  = note: `#[warn(unused_imports)]` on by default

warning: unused import: `abi_stable::std_types::map::RefIterInterface`
 --> /mnt/harddrive/roman/disk_storage/projects/padamo-rs-iced/padamo-api/src/calculation_nodes/node.rs:2:5
  |
2 | use abi_stable::std_types::map::RefIterInterface;
  |     ^^^^^^^^^^^^^^^^^^^^^^^^^^^^^^^^^^^^^^^^^^^^

warning: unused import: `RStr`
 --> /mnt/harddrive/roman/disk_storage/projects/padamo-rs-iced/padamo-api/src/calculation_nodes/node.rs:3:29
  |
3 | use abi_stable::std_types::{RStr,RString,RVec,RBox,RHashMap,RResult, ROption, Tuple2};
  |                             ^^^^

warning: unused import: `DynTrait`
 --> /mnt/harddrive/roman/disk_storage/projects/padamo-rs-iced/padamo-api/src/calculation_nodes/node.rs:4:29
  |
4 | use abi_stable::{StableAbi, DynTrait, rvec};
  |                             ^^^^^^^^

warning: unused import: `Tuple2`
 --> /mnt/harddrive/roman/disk_storage/projects/padamo-rs-iced/padamo-api/src/calculation_nodes/graph.rs:3:38
  |
3 | use abi_stable::std_types::{RString, Tuple2};
  |                                      ^^^^^^

warning: unused imports: `RStr`, `Tuple3`
 --> /mnt/harddrive/roman/disk_storage/projects/padamo-rs-iced/padamo-api/src/calculation_nodes/content.rs:1:50
  |
1 | use abi_stable::{StableAbi, std_types::{RString, RStr, RVec, Tuple3}};
  |                                                  ^^^^        ^^^^^^

warning: unused import: `std::array::IntoIter`
 --> /mnt/harddrive/roman/disk_storage/projects/padamo-rs-iced/padamo-api/src/calculation_nodes/content.rs:2:5
  |
2 | use std::array::IntoIter;
  |     ^^^^^^^^^^^^^^^^^^^^

warning: unused import: `RArc`
 --> /mnt/harddrive/roman/disk_storage/projects/padamo-rs-iced/padamo-api/src/lazy_array_operations/mod.rs:1:35
  |
1 | use abi_stable::std_types::{RBox, RArc, Tuple3, ROption, RVec};
  |                                   ^^^^

warning: unused imports: `ROption`, `Tuple2`
 --> /mnt/harddrive/roman/disk_storage/projects/padamo-rs-iced/padamo-api/src/lazy_array_operations/ndim_array/ndim_array.rs:1:47
  |
1 | use abi_stable::{StableAbi, std_types::{RVec, Tuple2, ROption}, rvec};
  |                                               ^^^^^^  ^^^^^^^

warning: unused import: `Add`
 --> /mnt/harddrive/roman/disk_storage/projects/padamo-rs-iced/padamo-api/src/lazy_array_operations/ndim_array/ndim_array.rs:4:16
  |
4 | use std::ops::{Add, IndexMut, Index};
  |                ^^^

warning: unused import: `super::ArrayND`
 --> /mnt/harddrive/roman/disk_storage/projects/padamo-rs-iced/padamo-api/src/lazy_array_operations/ndim_array/indexing.rs:1:5
  |
1 | use super::ArrayND;
  |     ^^^^^^^^^^^^^^

warning: `padamo-api` (lib) generated 11 warnings (run `cargo fix --lib -p padamo-api` to apply 11 suggestions)
error: failed to run custom build command for `hdf5-src v0.8.1`

Caused by:
  process didn't exit successfully: `/mnt/harddrive/roman/disk_storage/projects/padamo-rs-iced/padamo-hdf5/target/release/build/hdf5-src-1916b894ca813009/build-script-build` (exit status: 101)
  --- stdout
  cargo:rerun-if-changed=build.rs
  cargo:zlib_header=/mnt/harddrive/roman/disk_storage/projects/padamo-rs-iced/padamo-hdf5/target/x86_64-pc-windows-msvc/release/build/libz-sys-8d9b8f77bb272e96/out/include/zlib.h
  cargo:zlib=z
  CMAKE_TOOLCHAIN_FILE_x86_64-pc-windows-msvc = None
  CMAKE_TOOLCHAIN_FILE_x86_64_pc_windows_msvc = Some("/home/roman/.cache/cargo-xwin/cmake/x86_64-pc-windows-msvc-toolchain.cmake")
  CMAKE_GENERATOR_x86_64-pc-windows-msvc = None
  CMAKE_GENERATOR_x86_64_pc_windows_msvc = None
  TARGET_CMAKE_GENERATOR = None
  CMAKE_GENERATOR = Some("Ninja")
  CMAKE_PREFIX_PATH_x86_64-pc-windows-msvc = None
  CMAKE_PREFIX_PATH_x86_64_pc_windows_msvc = None
  TARGET_CMAKE_PREFIX_PATH = None
  CMAKE_PREFIX_PATH = None
  CMAKE_x86_64-pc-windows-msvc = None
  CMAKE_x86_64_pc_windows_msvc = None
  TARGET_CMAKE = None
  CMAKE = None
  running: cd "/mnt/harddrive/roman/disk_storage/projects/padamo-rs-iced/padamo-hdf5/target/x86_64-pc-windows-msvc/release/build/hdf5-src-0767573b6269b826/out/build" && CMAKE_PREFIX_PATH="" "cmake" "/home/roman/.cargo/registry/src/index.crates.io-6f17d22bba15001f/hdf5-src-0.8.1/ext/hdf5" "-G" "Ninja" "-DHDF5_NO_PACKAGES=ON" "-DBUILD_SHARED_LIBS=OFF" "-DBUILD_TESTING=OFF" "-DHDF5_BUILD_TOOLS=OFF" "-DHDF5_BUILD_EXAMPLES=OFF" "-DHDF5_BUILD_JAVA=OFF" "-DHDF5_BUILD_FORTRAN=OFF" "-DHDF5_BUILD_CPP_LIB=OFF" "-DHDF5_BUILD_UTILS=OFF" "-DHDF5_ENABLE_PARALLEL=OFF" "-DHDF5_ENABLE_DEPRECATED_SYMBOLS=OFF" "-DHDF5_ENABLE_THREADSAFE=OFF" "-DALLOW_UNSUPPORTED=OFF" "-DHDF5_BUILD_HL_LIB=OFF" "-DHDF5_ENABLE_Z_LIB_SUPPORT=ON" "-DH5_ZLIB_HEADER=/mnt/harddrive/roman/disk_storage/projects/padamo-rs-iced/padamo-hdf5/target/x86_64-pc-windows-msvc/release/build/libz-sys-8d9b8f77bb272e96/out/include/zlib.h" "-DZLIB_STATIC_LIBRARY=z" "-DCMAKE_CROSSCOMPILING_EMULATOR=wine64" "-DCMAKE_TOOLCHAIN_FILE=/home/roman/.cache/cargo-xwin/cmake/x86_64-pc-windows-msvc-toolchain.cmake" "-DCMAKE_INSTALL_PREFIX=/mnt/harddrive/roman/disk_storage/projects/padamo-rs-iced/padamo-hdf5/target/x86_64-pc-windows-msvc/release/build/hdf5-src-0767573b6269b826/out" "-DCMAKE_C_FLAGS= -nologo -MT -Brepro -m64 --target=x86_64-pc-windows-msvc -Wno-unused-command-line-argument -fuse-ld=lld-link /imsvc/home/roman/.cache/cargo-xwin/xwin/crt/include /imsvc/home/roman/.cache/cargo-xwin/xwin/sdk/include/ucrt /imsvc/home/roman/.cache/cargo-xwin/xwin/sdk/include/um /imsvc/home/roman/.cache/cargo-xwin/xwin/sdk/include/shared" "-DCMAKE_CXX_FLAGS= -nologo -MT -Brepro -m64 --target=x86_64-pc-windows-msvc -Wno-unused-command-line-argument -fuse-ld=lld-link /imsvc/home/roman/.cache/cargo-xwin/xwin/crt/include /imsvc/home/roman/.cache/cargo-xwin/xwin/sdk/include/ucrt /imsvc/home/roman/.cache/cargo-xwin/xwin/sdk/include/um /imsvc/home/roman/.cache/cargo-xwin/xwin/sdk/include/shared" "-DCMAKE_ASM_FLAGS= -nologo -MT -Brepro -m64 --target=x86_64-pc-windows-msvc -Wno-unused-command-line-argument -fuse-ld=lld-link /imsvc/home/roman/.cache/cargo-xwin/xwin/crt/include /imsvc/home/roman/.cache/cargo-xwin/xwin/sdk/include/ucrt /imsvc/home/roman/.cache/cargo-xwin/xwin/sdk/include/um /imsvc/home/roman/.cache/cargo-xwin/xwin/sdk/include/shared" "-DCMAKE_BUILD_TYPE=Release"
  -- SOVERSION: 103.3.0
  -- SOVERSION_TOOLS: 102.0.0
  -- SOVERSION_CXX: 103.3.0
  -- SOVERSION_F: 102.1.0
  -- SOVERSION_HL: 100.1.4
  -- SOVERSION_HL_CXX: 100.1.5
  -- SOVERSION_HL_F: 100.0.6
  -- SOVERSION_JAVA: 100.5.0
  -- Checking for InitOnceExecuteOnce:
  -- Warnings Configuration: default:    -nologo -MT -Brepro -m64 --target=x86_64-pc-windows-msvc -Wno-unused-command-line-argument -fuse-ld=lld-link /imsvc/home/roman/.cache/cargo-xwin/xwin/crt/include /imsvc/home/roman/.cache/cargo-xwin/xwin/sdk/include/ucrt /imsvc/home/roman/.cache/cargo-xwin/xwin/sdk/include/um /imsvc/home/roman/.cache/cargo-xwin/xwin/sdk/include/shared --target=x86_64-pc-windows-msvc -Wno-unused-command-line-argument -fuse-ld=lld-link /imsvc/home/roman/.cache/cargo-xwin/xwin/crt/include /imsvc/home/roman/.cache/cargo-xwin/xwin/sdk/include/ucrt /imsvc/home/roman/.cache/cargo-xwin/xwin/sdk/include/um /imsvc/home/roman/.cache/cargo-xwin/xwin/sdk/include/shared :   -nologo -MT -Brepro -m64 --target=x86_64-pc-windows-msvc -Wno-unused-command-line-argument -fuse-ld=lld-link /imsvc/home/roman/.cache/cargo-xwin/xwin/crt/include /imsvc/home/roman/.cache/cargo-xwin/xwin/sdk/include/ucrt /imsvc/home/roman/.cache/cargo-xwin/xwin/sdk/include/um /imsvc/home/roman/.cache/cargo-xwin/xwin/sdk/include/shared --target=x86_64-pc-windows-msvc -Wno-unused-command-line-argument -fuse-ld=lld-link /imsvc/home/roman/.cache/cargo-xwin/xwin/crt/include /imsvc/home/roman/.cache/cargo-xwin/xwin/sdk/include/ucrt /imsvc/home/roman/.cache/cargo-xwin/xwin/sdk/include/um /imsvc/home/roman/.cache/cargo-xwin/xwin/sdk/include/shared
  -- Filter ZLIB is ON
  -- Configuring done (0.0s)
  -- Generating done (0.0s)
  -- Build files have been written to: /mnt/harddrive/roman/disk_storage/projects/padamo-rs-iced/padamo-hdf5/target/x86_64-pc-windows-msvc/release/build/hdf5-src-0767573b6269b826/out/build
  running: cd "/mnt/harddrive/roman/disk_storage/projects/padamo-rs-iced/padamo-hdf5/target/x86_64-pc-windows-msvc/release/build/hdf5-src-0767573b6269b826/out/build" && "cmake" "--build" "." "--target" "install" "--config" "Release" "--parallel" "12"
  [1/283] Building C object src/CMakeFiles/hdf5-static.dir/H5timer.c.obj
  FAILED: src/CMakeFiles/hdf5-static.dir/H5timer.c.obj 
  /usr/bin/clang-cl  /nologo -D_BIND_TO_CURRENT_VCLIBS_VERSION=1 -D_CONSOLE -D_CRT_SECURE_NO_WARNINGS -I/home/roman/.cargo/registry/src/index.crates.io-6f17d22bba15001f/hdf5-src-0.8.1/ext/hdf5/src -I/mnt/harddrive/roman/disk_storage/projects/padamo-rs-iced/padamo-hdf5/target/x86_64-pc-windows-msvc/release/build/hdf5-src-0767573b6269b826/out/build -nologo -MT -Brepro -m64 --target=x86_64-pc-windows-msvc -Wno-unused-command-line-argument -fuse-ld=lld-link /imsvc/home/roman/.cache/cargo-xwin/xwin/crt/include /imsvc/home/roman/.cache/cargo-xwin/xwin/sdk/include/ucrt /imsvc/home/roman/.cache/cargo-xwin/xwin/sdk/include/um /imsvc/home/roman/.cache/cargo-xwin/xwin/sdk/include/shared --target=x86_64-pc-windows-msvc -Wno-unused-command-line-argument -fuse-ld=lld-link /imsvc/home/roman/.cache/cargo-xwin/xwin/crt/include /imsvc/home/roman/.cache/cargo-xwin/xwin/sdk/include/ucrt /imsvc/home/roman/.cache/cargo-xwin/xwin/sdk/include/um /imsvc/home/roman/.cache/cargo-xwin/xwin/sdk/include/shared /MD /O2 /Ob2 /DNDEBUG /showIncludes /Fosrc/CMakeFiles/hdf5-static.dir/H5timer.c.obj /Fdbin/libhdf5.pdb -c -- /home/roman/.cargo/registry/src/index.crates.io-6f17d22bba15001f/hdf5-src-0.8.1/ext/hdf5/src/H5timer.c
  /home/roman/.cargo/registry/src/index.crates.io-6f17d22bba15001f/hdf5-src-0.8.1/ext/hdf5/src/H5timer.c(282,8): error: call to undeclared function 'H5_get_win32_times'; ISO C99 and later do not support implicit function declarations [-Wimplicit-function-declaration]
    282 |     if(H5_get_win32_times(times) < 0) {
        |        ^
  1 error generated.
  [2/283] Building C object src/CMakeFiles/hdf5-static.dir/H5Cepoch.c.obj
  [3/283] Building C object src/CMakeFiles/hdf5-static.dir/H5B2stat.c.obj
  [4/283] Building C object src/CMakeFiles/hdf5-static.dir/H5Cdbg.c.obj
  [5/283] Building C object src/CMakeFiles/hdf5-static.dir/H5Cprefetched.c.obj
  [6/283] Building C object src/CMakeFiles/hdf5-static.dir/H5Clog.c.obj
  [7/283] Building C object src/CMakeFiles/hdf5-static.dir/H5Clog_json.c.obj
  [8/283] Building C object src/CMakeFiles/hdf5-static.dir/H5B2test.c.obj
  [9/283] Building C object src/CMakeFiles/hdf5-static.dir/H5Cmpio.c.obj
  [10/283] Building C object src/CMakeFiles/hdf5-static.dir/H5Clog_trace.c.obj
  [11/283] Building C object src/CMakeFiles/hdf5-static.dir/H5Cimage.c.obj
  [12/283] Building C object src/CMakeFiles/hdf5-static.dir/H5C.c.obj
  ninja: build stopped: subcommand failed.

  --- stderr
  thread 'main' panicked at /home/roman/.cargo/registry/src/index.crates.io-6f17d22bba15001f/cmake-0.1.50/src/lib.rs:1098:5:

  command did not execute successfully, got: exit status: 1

  build script failed, must exit now
  note: run with `RUST_BACKTRACE=1` environment variable to display a backtrace
